<?xml version="1.0" encoding="UTF-8"?>
<!-- Generated by org.testng.reporters.JUnitXMLReporter -->
<testsuite ignored="0" hostname="SAG-3HXQKG3" failures="1" tests="4" name="Firefox Test" time="185.303" errors="0" timestamp="2024-02-25T13:44:54 IST">
  <testcase classname="LoginTestcase.Parallel4" name="Homepage" time="2.573"/>
  <testcase classname="LoginTestcase.Parallel5" name="Homepage" time="2.698"/>
  <testcase classname="LoginTestcase.Parallel4" name="flightSCheck" time="114.927"/>
  <testcase classname="LoginTestcase.Parallel5" name="flightSCheck" time="3.377">
    <failure type="org.openqa.selenium.ElementClickInterceptedException" message="Element &amp;lt;li class=&amp;quot;&amp;quot;&amp;gt; is not clickable at point (265,213) because another element &amp;lt;div class=&amp;quot;hsBackDrop&amp;quot;&amp;gt; obscures it
Build info: version: &amp;apos;4.15.0&amp;apos;, revision: &amp;apos;1d14b5521b&amp;apos;
System info: os.name: &amp;apos;Windows 10&amp;apos;, os.arch: &amp;apos;amd64&amp;apos;, os.version: &amp;apos;10.0&amp;apos;, java.version: &amp;apos;17.0.2&amp;apos;
Driver info: org.openqa.selenium.remote.RemoteWebDriver
Command: [216f7d8e-e82d-4f69-b8de-ae089453721a, clickElement {id=d8a78f2d-abea-4f3d-a715-f8ee6a7dbbf5}]
Capabilities {acceptInsecureCerts: true, browserName: firefox, browserVersion: 122.0.1, moz:accessibilityChecks: false, moz:buildID: 20240205133611, moz:debuggerAddress: 127.0.0.1:2800, moz:firefoxOptions: {}, moz:geckodriverVersion: 0.34.0, moz:headless: false, moz:platformVersion: 5.15.133.1-microsoft-standa..., moz:processID: 166, moz:profile: /tmp/rust_mozprofile7i7Iw7, moz:shutdownTimeout: 60000, moz:webdriverClick: true, moz:windowless: false, pageLoadStrategy: normal, platformName: linux, proxy: Proxy(), se:bidiEnabled: false, se:cdp: ws://localhost:4444/session..., se:cdpVersion: 85.0, se:noVncPort: 7900, se:vnc: ws://localhost:4444/session..., se:vncEnabled: true, se:vncLocalAddress: ws://172.20.0.7:7900, setWindowRect: true, strictFileInteractability: false, timeouts: {implicit: 0, pageLoad: 300000, script: 30000}, unhandledPromptBehavior: dismiss and notify}
Element: [[RemoteWebDriver: firefox on linux (216f7d8e-e82d-4f69-b8de-ae089453721a)] -&amp;gt; xpath: //li[@data-cy=&amp;apos;roundTrip&amp;apos;]]
Session ID: 216f7d8e-e82d-4f69-b8de-ae089453721a">
      <![CDATA[org.openqa.selenium.ElementClickInterceptedException: Element <li class=""> is not clickable at point (265,213) because another element <div class="hsBackDrop"> obscures it
Build info: version: '4.15.0', revision: '1d14b5521b'
System info: os.name: 'Windows 10', os.arch: 'amd64', os.version: '10.0', java.version: '17.0.2'
Driver info: org.openqa.selenium.remote.RemoteWebDriver
Command: [216f7d8e-e82d-4f69-b8de-ae089453721a, clickElement {id=d8a78f2d-abea-4f3d-a715-f8ee6a7dbbf5}]
Capabilities {acceptInsecureCerts: true, browserName: firefox, browserVersion: 122.0.1, moz:accessibilityChecks: false, moz:buildID: 20240205133611, moz:debuggerAddress: 127.0.0.1:2800, moz:firefoxOptions: {}, moz:geckodriverVersion: 0.34.0, moz:headless: false, moz:platformVersion: 5.15.133.1-microsoft-standa..., moz:processID: 166, moz:profile: /tmp/rust_mozprofile7i7Iw7, moz:shutdownTimeout: 60000, moz:webdriverClick: true, moz:windowless: false, pageLoadStrategy: normal, platformName: linux, proxy: Proxy(), se:bidiEnabled: false, se:cdp: ws://localhost:4444/session..., se:cdpVersion: 85.0, se:noVncPort: 7900, se:vnc: ws://localhost:4444/session..., se:vncEnabled: true, se:vncLocalAddress: ws://172.20.0.7:7900, setWindowRect: true, strictFileInteractability: false, timeouts: {implicit: 0, pageLoad: 300000, script: 30000}, unhandledPromptBehavior: dismiss and notify}
Element: [[RemoteWebDriver: firefox on linux (216f7d8e-e82d-4f69-b8de-ae089453721a)] -> xpath: //li[@data-cy='roundTrip']]
Session ID: 216f7d8e-e82d-4f69-b8de-ae089453721a
at org.openqa.selenium.remote.codec.w3c.W3CHttpResponseCodec.createException(W3CHttpResponseCodec.java:200)
at org.openqa.selenium.remote.codec.w3c.W3CHttpResponseCodec.decode(W3CHttpResponseCodec.java:133)
at org.openqa.selenium.remote.codec.w3c.W3CHttpResponseCodec.decode(W3CHttpResponseCodec.java:52)
at org.openqa.selenium.remote.HttpCommandExecutor.execute(HttpCommandExecutor.java:191)
at org.openqa.selenium.remote.TracedCommandExecutor.execute(TracedCommandExecutor.java:51)
at org.openqa.selenium.remote.RemoteWebDriver.execute(RemoteWebDriver.java:607)
at org.openqa.selenium.remote.RemoteWebElement.execute(RemoteWebElement.java:224)
at org.openqa.selenium.remote.RemoteWebElement.click(RemoteWebElement.java:77)
at org.openqa.selenium.support.pagefactory.internal.LocatingElementHandler.invoke(LocatingElementHandler.java:51)
at jdk.proxy2/jdk.proxy2.$Proxy14.click(Unknown Source)
at LoginTestcase.Parallel5.flightSCheck(Parallel5.java:113)
at java.base/java.util.ArrayList.forEach(ArrayList.java:1511)
at java.base/java.util.concurrent.FutureTask.run(FutureTask.java:264)
at java.base/java.util.concurrent.ThreadPoolExecutor.runWorker(ThreadPoolExecutor.java:1136)
at java.base/java.util.concurrent.ThreadPoolExecutor$Worker.run(ThreadPoolExecutor.java:635)
at java.base/java.lang.Thread.run(Thread.java:833)
... Removed 25 stack frames]]>
    </failure>
  </testcase> <!-- flightSCheck -->
</testsuite> <!-- Firefox Test -->
