<?xml version="1.0" encoding="UTF-8"?>
<testng-results ignored="0" total="1" passed="1" failed="0" skipped="0">
  <reporter-output>
  </reporter-output>
  <suite started-at="2024-03-31T10:07:27 IST" name="Default suite" finished-at="2024-03-31T10:07:32 IST" duration-ms="4341">
    <groups>
    </groups>
    <test started-at="2024-03-31T10:07:27 IST" name="Default test" finished-at="2024-03-31T10:07:32 IST" duration-ms="4341">
      <class name="api.endpoints.Oauth2Authentication">
        <test-method signature="oauth2Demo()[pri:0, instance:api.endpoints.Oauth2Authentication@4b8ee4de]" started-at="2024-03-31T10:07:27 IST" name="oauth2Demo" finished-at="2024-03-31T10:07:32 IST" duration-ms="4293" status="PASS">
          <reporter-output>
          </reporter-output>
        </test-method> <!-- oauth2Demo -->
      </class> <!-- api.endpoints.Oauth2Authentication -->
    </test> <!-- Default test -->
  </suite> <!-- Default suite -->
</testng-results>
