<?xml version="1.0" encoding="UTF-8"?>
<testng-results ignored="0" total="1" passed="0" failed="1" skipped="0">
  <reporter-output>
  </reporter-output>
  <suite started-at="2024-05-30T11:42:12 IST" name="Default suite" finished-at="2024-05-30T11:42:54 IST" duration-ms="42377">
    <groups>
    </groups>
    <test started-at="2024-05-30T11:42:12 IST" name="Default test" finished-at="2024-05-30T11:42:54 IST" duration-ms="42377">
      <class name="testCases.Example3">
        <test-method signature="test1()[pri:0, instance:testCases.Example3@47987356]" started-at="2024-05-30T11:42:12 IST" name="test1" finished-at="2024-05-30T11:42:54 IST" duration-ms="42352" status="FAIL">
          <exception class="com.microsoft.playwright.TimeoutError">
            <message>
              <![CDATA[Error {
  message='Timeout 30000ms exceeded.
  name='TimeoutError
  stack='TimeoutError: Timeout 30000ms exceeded.
    at ProgressController.run (C:\Users\RAJKA\AppData\Local\Temp\playwright-java-6390678362016726439\package\lib\server\progress.js:87:26)
    at Frame.click (C:\Users\RAJKA\AppData\Local\Temp\playwright-java-6390678362016726439\package\lib\server\frames.js:995:23)
    at FrameDispatcher.click (C:\Users\RAJKA\AppData\Local\Temp\playwright-java-6390678362016726439\package\lib\server\dispatchers\frameDispatcher.js:152:30)
    at FrameDispatcher._handleCommand (C:\Users\RAJKA\AppData\Local\Temp\playwright-java-6390678362016726439\package\lib\server\dispatchers\dispatcher.js:84:40)
    at DispatcherConnection.dispatch (C:\Users\RAJKA\AppData\Local\Temp\playwright-java-6390678362016726439\package\lib\server\dispatchers\dispatcher.js:351:39)
}
Call log:
- waiting for frameLocator("iframe").nth(1).locator("//option[@value='6']")
-   locator resolved to <option value="6">Jul</option>
- attempting click action
-   waiting for element to be visible, enabled and stable
-     element is not visible - waiting...
]]>
            </message>
            <full-stacktrace>
              <![CDATA[com.microsoft.playwright.TimeoutError: Error {
  message='Timeout 30000ms exceeded.
  name='TimeoutError
  stack='TimeoutError: Timeout 30000ms exceeded.
    at ProgressController.run (C:\Users\RAJKA\AppData\Local\Temp\playwright-java-6390678362016726439\package\lib\server\progress.js:87:26)
    at Frame.click (C:\Users\RAJKA\AppData\Local\Temp\playwright-java-6390678362016726439\package\lib\server\frames.js:995:23)
    at FrameDispatcher.click (C:\Users\RAJKA\AppData\Local\Temp\playwright-java-6390678362016726439\package\lib\server\dispatchers\frameDispatcher.js:152:30)
    at FrameDispatcher._handleCommand (C:\Users\RAJKA\AppData\Local\Temp\playwright-java-6390678362016726439\package\lib\server\dispatchers\dispatcher.js:84:40)
    at DispatcherConnection.dispatch (C:\Users\RAJKA\AppData\Local\Temp\playwright-java-6390678362016726439\package\lib\server\dispatchers\dispatcher.js:351:39)
}
Call log:
- waiting for frameLocator("iframe").nth(1).locator("//option[@value='6']")
-   locator resolved to <option value="6">Jul</option>
- attempting click action
-   waiting for element to be visible, enabled and stable
-     element is not visible - waiting...

at com.microsoft.playwright.impl.WaitableResult.get(WaitableResult.java:52)
at com.microsoft.playwright.impl.ChannelOwner.runUntil(ChannelOwner.java:120)
at com.microsoft.playwright.impl.Connection.sendMessage(Connection.java:129)
at com.microsoft.playwright.impl.ChannelOwner.sendMessage(ChannelOwner.java:106)
at com.microsoft.playwright.impl.FrameImpl.clickImpl(FrameImpl.java:252)
at com.microsoft.playwright.impl.FrameImpl.lambda$click$8(FrameImpl.java:243)
at com.microsoft.playwright.impl.LoggingSupport.lambda$withLogging$0(LoggingSupport.java:36)
at com.microsoft.playwright.impl.LoggingSupport.withLogging(LoggingSupport.java:47)
at com.microsoft.playwright.impl.ChannelOwner.withLogging(ChannelOwner.java:89)
at com.microsoft.playwright.impl.LoggingSupport.withLogging(LoggingSupport.java:35)
at com.microsoft.playwright.impl.FrameImpl.click(FrameImpl.java:243)
at com.microsoft.playwright.impl.LocatorImpl.click(LocatorImpl.java:140)
at com.microsoft.playwright.Locator.click(Locator.java:2348)
at testCases.Example3.test1(Example3.java:24)
at java.base/jdk.internal.reflect.NativeMethodAccessorImpl.invoke0(Native Method)
at java.base/jdk.internal.reflect.NativeMethodAccessorImpl.invoke(NativeMethodAccessorImpl.java:77)
at java.base/jdk.internal.reflect.DelegatingMethodAccessorImpl.invoke(DelegatingMethodAccessorImpl.java:43)
at java.base/java.lang.reflect.Method.invoke(Method.java:568)
at org.testng.internal.invokers.MethodInvocationHelper.invokeMethod(MethodInvocationHelper.java:139)
at org.testng.internal.invokers.TestInvoker.invokeMethod(TestInvoker.java:664)
at org.testng.internal.invokers.TestInvoker.invokeTestMethod(TestInvoker.java:227)
at org.testng.internal.invokers.MethodRunner.runInSequence(MethodRunner.java:50)
at org.testng.internal.invokers.TestInvoker$MethodInvocationAgent.invoke(TestInvoker.java:957)
at org.testng.internal.invokers.TestInvoker.invokeTestMethods(TestInvoker.java:200)
at org.testng.internal.invokers.TestMethodWorker.invokeTestMethods(TestMethodWorker.java:148)
at org.testng.internal.invokers.TestMethodWorker.run(TestMethodWorker.java:128)
at java.base/java.util.ArrayList.forEach(ArrayList.java:1511)
at org.testng.TestRunner.privateRun(TestRunner.java:848)
at org.testng.TestRunner.run(TestRunner.java:621)
at org.testng.SuiteRunner.runTest(SuiteRunner.java:443)
at org.testng.SuiteRunner.runSequentially(SuiteRunner.java:437)
at org.testng.SuiteRunner.privateRun(SuiteRunner.java:397)
at org.testng.SuiteRunner.run(SuiteRunner.java:336)
at org.testng.SuiteRunnerWorker.runSuite(SuiteRunnerWorker.java:52)
at org.testng.SuiteRunnerWorker.run(SuiteRunnerWorker.java:95)
at org.testng.TestNG.runSuitesSequentially(TestNG.java:1280)
at org.testng.TestNG.runSuitesLocally(TestNG.java:1200)
at org.testng.TestNG.runSuites(TestNG.java:1114)
at org.testng.TestNG.run(TestNG.java:1082)
at org.testng.remote.AbstractRemoteTestNG.run(AbstractRemoteTestNG.java:115)
at org.testng.remote.RemoteTestNG.initAndRun(RemoteTestNG.java:251)
at org.testng.remote.RemoteTestNG.main(RemoteTestNG.java:77)
Caused by: com.microsoft.playwright.TimeoutError: Error {
  message='Timeout 30000ms exceeded.
  name='TimeoutError
  stack='TimeoutError: Timeout 30000ms exceeded.
    at ProgressController.run (C:\Users\RAJKA\AppData\Local\Temp\playwright-java-6390678362016726439\package\lib\server\progress.js:87:26)
    at Frame.click (C:\Users\RAJKA\AppData\Local\Temp\playwright-java-6390678362016726439\package\lib\server\frames.js:995:23)
    at FrameDispatcher.click (C:\Users\RAJKA\AppData\Local\Temp\playwright-java-6390678362016726439\package\lib\server\dispatchers\frameDispatcher.js:152:30)
    at FrameDispatcher._handleCommand (C:\Users\RAJKA\AppData\Local\Temp\playwright-java-6390678362016726439\package\lib\server\dispatchers\dispatcher.js:84:40)
    at DispatcherConnection.dispatch (C:\Users\RAJKA\AppData\Local\Temp\playwright-java-6390678362016726439\package\lib\server\dispatchers\dispatcher.js:351:39)
}
Call log:
- waiting for frameLocator("iframe").nth(1).locator("//option[@value='6']")
-   locator resolved to <option value="6">Jul</option>
- attempting click action
-   waiting for element to be visible, enabled and stable
-     element is not visible - waiting...

at com.microsoft.playwright.impl.Connection.dispatch(Connection.java:252)
at com.microsoft.playwright.impl.Connection.processOneMessage(Connection.java:209)
at com.microsoft.playwright.impl.ChannelOwner.runUntil(ChannelOwner.java:118)
... 40 more
]]>
            </full-stacktrace>
          </exception> <!-- com.microsoft.playwright.TimeoutError -->
          <reporter-output>
          </reporter-output>
        </test-method> <!-- test1 -->
      </class> <!-- testCases.Example3 -->
    </test> <!-- Default test -->
  </suite> <!-- Default suite -->
</testng-results>
