<?xml version="1.0" encoding="UTF-8"?>
<testng-results ignored="0" total="2" passed="0" failed="2" skipped="0">
  <reporter-output>
  </reporter-output>
  <suite started-at="2024-03-14T11:03:27 IST" name="Default suite" finished-at="2024-03-14T11:03:34 IST" duration-ms="7073">
    <groups>
    </groups>
    <test started-at="2024-03-14T11:03:27 IST" name="Default test" finished-at="2024-03-14T11:03:34 IST" duration-ms="7073">
      <class name="LoginTestcase.Test2">
        <test-method is-config="true" signature="tearUp()[pri:0, instance:LoginTestcase.Test2@7161d8d1]" started-at="2024-03-14T11:03:27 IST" name="tearUp" finished-at="2024-03-14T11:03:30 IST" duration-ms="2845" status="PASS">
          <reporter-output>
          </reporter-output>
        </test-method> <!-- tearUp -->
        <test-method is-config="true" signature="intializePageFactory()[pri:0, instance:LoginTestcase.Test2@7161d8d1]" started-at="2024-03-14T11:03:30 IST" name="intializePageFactory" finished-at="2024-03-14T11:03:30 IST" duration-ms="14" status="PASS">
          <reporter-output>
          </reporter-output>
        </test-method> <!-- intializePageFactory -->
        <test-method signature="Homepage()[pri:0, instance:LoginTestcase.Test2@7161d8d1]" started-at="2024-03-14T11:03:30 IST" name="Homepage" finished-at="2024-03-14T11:03:31 IST" duration-ms="1653" status="FAIL">
          <exception class="org.openqa.selenium.ElementClickInterceptedException">
            <message>
              <![CDATA[element click intercepted: Element <span class="headerIconTextAlignment chNavText darkGreyText">...</span> is not clickable at point (737, 150). Other element would receive the click: <iframe title="notification-frame-~251439651" name="notification-frame-~251439651" id="webklipper-publisher-widget-container-notification-frame" frameborder="0" marginheight="0" marginwidth="0" style="display: block; position: fixed; z-index: 16776272; left: -1000px; top: -1000px; visibility: visible; height: 100%; width: 100%; transform: translate(1000px, 1000px);" data-notification-layout-id="~184fc0b7" data-notification-layout-name="modal"></iframe>
  (Session info: MicrosoftEdge=121.0.2277.128)
Build info: version: '4.15.0', revision: '1d14b5521b'
System info: os.name: 'Windows 10', os.arch: 'amd64', os.version: '10.0', java.version: '17.0.2'
Driver info: org.openqa.selenium.remote.RemoteWebDriver
Command: [cb82380ec0837db3153ffcc72f18581e, clickElement {id=8C5E5DA712F6A487A1849763F6A075FD_element_72}]
Capabilities {acceptInsecureCerts: false, browserName: MicrosoftEdge, browserVersion: 121.0.2277.128, fedcm:accounts: true, ms:edgeOptions: {debuggerAddress: localhost:39145}, msedge: {msedgedriverVersion: 121.0.2277.128 (33d347b6876..., userDataDir: /tmp/.com.microsoft.Edge.Je...}, networkConnectionEnabled: false, pageLoadStrategy: normal, platformName: linux, proxy: Proxy(), se:bidiEnabled: false, se:cdp: ws://localhost:4444/session..., se:cdpVersion: 121.0.2277.128, se:vnc: ws://localhost:4444/session..., se:vncEnabled: true, se:vncLocalAddress: ws://172.20.0.5:7900, setWindowRect: true, strictFileInteractability: false, timeouts: {implicit: 0, pageLoad: 300000, script: 30000}, unhandledPromptBehavior: dismiss and notify, webauthn:extension:credBlob: true, webauthn:extension:largeBlob: true, webauthn:extension:minPinLength: true, webauthn:extension:prf: true, webauthn:virtualAuthenticators: true}
Element: [[RemoteWebDriver: MicrosoftEdge on linux (cb82380ec0837db3153ffcc72f18581e)] -> xpath: //span[@class='headerIconTextAlignment chNavText darkGreyText'][normalize-space()='Buses']]
Session ID: cb82380ec0837db3153ffcc72f18581e]]>
            </message>
            <full-stacktrace>
              <![CDATA[org.openqa.selenium.ElementClickInterceptedException: element click intercepted: Element <span class="headerIconTextAlignment chNavText darkGreyText">...</span> is not clickable at point (737, 150). Other element would receive the click: <iframe title="notification-frame-~251439651" name="notification-frame-~251439651" id="webklipper-publisher-widget-container-notification-frame" frameborder="0" marginheight="0" marginwidth="0" style="display: block; position: fixed; z-index: 16776272; left: -1000px; top: -1000px; visibility: visible; height: 100%; width: 100%; transform: translate(1000px, 1000px);" data-notification-layout-id="~184fc0b7" data-notification-layout-name="modal"></iframe>
  (Session info: MicrosoftEdge=121.0.2277.128)
Build info: version: '4.15.0', revision: '1d14b5521b'
System info: os.name: 'Windows 10', os.arch: 'amd64', os.version: '10.0', java.version: '17.0.2'
Driver info: org.openqa.selenium.remote.RemoteWebDriver
Command: [cb82380ec0837db3153ffcc72f18581e, clickElement {id=8C5E5DA712F6A487A1849763F6A075FD_element_72}]
Capabilities {acceptInsecureCerts: false, browserName: MicrosoftEdge, browserVersion: 121.0.2277.128, fedcm:accounts: true, ms:edgeOptions: {debuggerAddress: localhost:39145}, msedge: {msedgedriverVersion: 121.0.2277.128 (33d347b6876..., userDataDir: /tmp/.com.microsoft.Edge.Je...}, networkConnectionEnabled: false, pageLoadStrategy: normal, platformName: linux, proxy: Proxy(), se:bidiEnabled: false, se:cdp: ws://localhost:4444/session..., se:cdpVersion: 121.0.2277.128, se:vnc: ws://localhost:4444/session..., se:vncEnabled: true, se:vncLocalAddress: ws://172.20.0.5:7900, setWindowRect: true, strictFileInteractability: false, timeouts: {implicit: 0, pageLoad: 300000, script: 30000}, unhandledPromptBehavior: dismiss and notify, webauthn:extension:credBlob: true, webauthn:extension:largeBlob: true, webauthn:extension:minPinLength: true, webauthn:extension:prf: true, webauthn:virtualAuthenticators: true}
Element: [[RemoteWebDriver: MicrosoftEdge on linux (cb82380ec0837db3153ffcc72f18581e)] -> xpath: //span[@class='headerIconTextAlignment chNavText darkGreyText'][normalize-space()='Buses']]
Session ID: cb82380ec0837db3153ffcc72f18581e
at java.base/jdk.internal.reflect.NativeConstructorAccessorImpl.newInstance0(Native Method)
at java.base/jdk.internal.reflect.NativeConstructorAccessorImpl.newInstance(NativeConstructorAccessorImpl.java:77)
at java.base/jdk.internal.reflect.DelegatingConstructorAccessorImpl.newInstance(DelegatingConstructorAccessorImpl.java:45)
at java.base/java.lang.reflect.Constructor.newInstanceWithCaller(Constructor.java:499)
at java.base/java.lang.reflect.Constructor.newInstance(Constructor.java:480)
at org.openqa.selenium.remote.codec.w3c.W3CHttpResponseCodec.createException(W3CHttpResponseCodec.java:200)
at org.openqa.selenium.remote.codec.w3c.W3CHttpResponseCodec.decode(W3CHttpResponseCodec.java:133)
at org.openqa.selenium.remote.codec.w3c.W3CHttpResponseCodec.decode(W3CHttpResponseCodec.java:52)
at org.openqa.selenium.remote.HttpCommandExecutor.execute(HttpCommandExecutor.java:191)
at org.openqa.selenium.remote.TracedCommandExecutor.execute(TracedCommandExecutor.java:51)
at org.openqa.selenium.remote.RemoteWebDriver.execute(RemoteWebDriver.java:607)
at org.openqa.selenium.remote.RemoteWebElement.execute(RemoteWebElement.java:224)
at org.openqa.selenium.remote.RemoteWebElement.click(RemoteWebElement.java:77)
at java.base/jdk.internal.reflect.NativeMethodAccessorImpl.invoke0(Native Method)
at java.base/jdk.internal.reflect.NativeMethodAccessorImpl.invoke(NativeMethodAccessorImpl.java:77)
at java.base/jdk.internal.reflect.DelegatingMethodAccessorImpl.invoke(DelegatingMethodAccessorImpl.java:43)
at java.base/java.lang.reflect.Method.invoke(Method.java:568)
at org.openqa.selenium.support.pagefactory.internal.LocatingElementHandler.invoke(LocatingElementHandler.java:51)
at jdk.proxy2/jdk.proxy2.$Proxy13.click(Unknown Source)
at LoginTestcase.Test2.Homepage(Test2.java:64)
at java.base/jdk.internal.reflect.NativeMethodAccessorImpl.invoke0(Native Method)
at java.base/jdk.internal.reflect.NativeMethodAccessorImpl.invoke(NativeMethodAccessorImpl.java:77)
at java.base/jdk.internal.reflect.DelegatingMethodAccessorImpl.invoke(DelegatingMethodAccessorImpl.java:43)
at java.base/java.lang.reflect.Method.invoke(Method.java:568)
at org.testng.internal.invokers.MethodInvocationHelper.invokeMethod(MethodInvocationHelper.java:139)
at org.testng.internal.invokers.TestInvoker.invokeMethod(TestInvoker.java:664)
at org.testng.internal.invokers.TestInvoker.invokeTestMethod(TestInvoker.java:227)
at org.testng.internal.invokers.MethodRunner.runInSequence(MethodRunner.java:50)
at org.testng.internal.invokers.TestInvoker$MethodInvocationAgent.invoke(TestInvoker.java:957)
at org.testng.internal.invokers.TestInvoker.invokeTestMethods(TestInvoker.java:200)
at org.testng.internal.invokers.TestMethodWorker.invokeTestMethods(TestMethodWorker.java:148)
at org.testng.internal.invokers.TestMethodWorker.run(TestMethodWorker.java:128)
at java.base/java.util.ArrayList.forEach(ArrayList.java:1511)
at org.testng.TestRunner.privateRun(TestRunner.java:848)
at org.testng.TestRunner.run(TestRunner.java:621)
at org.testng.SuiteRunner.runTest(SuiteRunner.java:443)
at org.testng.SuiteRunner.runSequentially(SuiteRunner.java:437)
at org.testng.SuiteRunner.privateRun(SuiteRunner.java:397)
at org.testng.SuiteRunner.run(SuiteRunner.java:336)
at org.testng.SuiteRunnerWorker.runSuite(SuiteRunnerWorker.java:52)
at org.testng.SuiteRunnerWorker.run(SuiteRunnerWorker.java:95)
at org.testng.TestNG.runSuitesSequentially(TestNG.java:1280)
at org.testng.TestNG.runSuitesLocally(TestNG.java:1200)
at org.testng.TestNG.runSuites(TestNG.java:1114)
at org.testng.TestNG.run(TestNG.java:1082)
at org.testng.remote.AbstractRemoteTestNG.run(AbstractRemoteTestNG.java:115)
at org.testng.remote.RemoteTestNG.initAndRun(RemoteTestNG.java:251)
at org.testng.remote.RemoteTestNG.main(RemoteTestNG.java:77)
]]>
            </full-stacktrace>
          </exception> <!-- org.openqa.selenium.ElementClickInterceptedException -->
          <reporter-output>
          </reporter-output>
        </test-method> <!-- Homepage -->
        <test-method signature="flightSCheck()[pri:1, instance:LoginTestcase.Test2@7161d8d1]" started-at="2024-03-14T11:03:31 IST" name="flightSCheck" finished-at="2024-03-14T11:03:33 IST" duration-ms="1416" status="FAIL">
          <exception class="org.openqa.selenium.ElementClickInterceptedException">
            <message>
              <![CDATA[element click intercepted: Element <span class="headerIconTextAlignment chNavText darkGreyText">...</span> is not clickable at point (236, 150). Other element would receive the click: <iframe title="notification-frame-~251439651" name="notification-frame-~251439651" id="webklipper-publisher-widget-container-notification-frame" frameborder="0" marginheight="0" marginwidth="0" style="display: block; position: fixed; z-index: 16776272; left: -1000px; top: -1000px; visibility: visible; height: 100%; width: 100%; transform: translate(1000px, 1000px);" data-notification-layout-id="~184fc0b7" data-notification-layout-name="modal"></iframe>
  (Session info: MicrosoftEdge=121.0.2277.128)
Build info: version: '4.15.0', revision: '1d14b5521b'
System info: os.name: 'Windows 10', os.arch: 'amd64', os.version: '10.0', java.version: '17.0.2'
Driver info: org.openqa.selenium.remote.RemoteWebDriver
Command: [cb82380ec0837db3153ffcc72f18581e, clickElement {id=8C5E5DA712F6A487A1849763F6A075FD_element_79}]
Capabilities {acceptInsecureCerts: false, browserName: MicrosoftEdge, browserVersion: 121.0.2277.128, fedcm:accounts: true, ms:edgeOptions: {debuggerAddress: localhost:39145}, msedge: {msedgedriverVersion: 121.0.2277.128 (33d347b6876..., userDataDir: /tmp/.com.microsoft.Edge.Je...}, networkConnectionEnabled: false, pageLoadStrategy: normal, platformName: linux, proxy: Proxy(), se:bidiEnabled: false, se:cdp: ws://localhost:4444/session..., se:cdpVersion: 121.0.2277.128, se:vnc: ws://localhost:4444/session..., se:vncEnabled: true, se:vncLocalAddress: ws://172.20.0.5:7900, setWindowRect: true, strictFileInteractability: false, timeouts: {implicit: 0, pageLoad: 300000, script: 30000}, unhandledPromptBehavior: dismiss and notify, webauthn:extension:credBlob: true, webauthn:extension:largeBlob: true, webauthn:extension:minPinLength: true, webauthn:extension:prf: true, webauthn:virtualAuthenticators: true}
Element: [[RemoteWebDriver: MicrosoftEdge on linux (cb82380ec0837db3153ffcc72f18581e)] -> xpath: //span[@class='headerIconTextAlignment chNavText darkGreyText'][normalize-space()='Flights']]
Session ID: cb82380ec0837db3153ffcc72f18581e]]>
            </message>
            <full-stacktrace>
              <![CDATA[org.openqa.selenium.ElementClickInterceptedException: element click intercepted: Element <span class="headerIconTextAlignment chNavText darkGreyText">...</span> is not clickable at point (236, 150). Other element would receive the click: <iframe title="notification-frame-~251439651" name="notification-frame-~251439651" id="webklipper-publisher-widget-container-notification-frame" frameborder="0" marginheight="0" marginwidth="0" style="display: block; position: fixed; z-index: 16776272; left: -1000px; top: -1000px; visibility: visible; height: 100%; width: 100%; transform: translate(1000px, 1000px);" data-notification-layout-id="~184fc0b7" data-notification-layout-name="modal"></iframe>
  (Session info: MicrosoftEdge=121.0.2277.128)
Build info: version: '4.15.0', revision: '1d14b5521b'
System info: os.name: 'Windows 10', os.arch: 'amd64', os.version: '10.0', java.version: '17.0.2'
Driver info: org.openqa.selenium.remote.RemoteWebDriver
Command: [cb82380ec0837db3153ffcc72f18581e, clickElement {id=8C5E5DA712F6A487A1849763F6A075FD_element_79}]
Capabilities {acceptInsecureCerts: false, browserName: MicrosoftEdge, browserVersion: 121.0.2277.128, fedcm:accounts: true, ms:edgeOptions: {debuggerAddress: localhost:39145}, msedge: {msedgedriverVersion: 121.0.2277.128 (33d347b6876..., userDataDir: /tmp/.com.microsoft.Edge.Je...}, networkConnectionEnabled: false, pageLoadStrategy: normal, platformName: linux, proxy: Proxy(), se:bidiEnabled: false, se:cdp: ws://localhost:4444/session..., se:cdpVersion: 121.0.2277.128, se:vnc: ws://localhost:4444/session..., se:vncEnabled: true, se:vncLocalAddress: ws://172.20.0.5:7900, setWindowRect: true, strictFileInteractability: false, timeouts: {implicit: 0, pageLoad: 300000, script: 30000}, unhandledPromptBehavior: dismiss and notify, webauthn:extension:credBlob: true, webauthn:extension:largeBlob: true, webauthn:extension:minPinLength: true, webauthn:extension:prf: true, webauthn:virtualAuthenticators: true}
Element: [[RemoteWebDriver: MicrosoftEdge on linux (cb82380ec0837db3153ffcc72f18581e)] -> xpath: //span[@class='headerIconTextAlignment chNavText darkGreyText'][normalize-space()='Flights']]
Session ID: cb82380ec0837db3153ffcc72f18581e
at java.base/jdk.internal.reflect.NativeConstructorAccessorImpl.newInstance0(Native Method)
at java.base/jdk.internal.reflect.NativeConstructorAccessorImpl.newInstance(NativeConstructorAccessorImpl.java:77)
at java.base/jdk.internal.reflect.DelegatingConstructorAccessorImpl.newInstance(DelegatingConstructorAccessorImpl.java:45)
at java.base/java.lang.reflect.Constructor.newInstanceWithCaller(Constructor.java:499)
at java.base/java.lang.reflect.Constructor.newInstance(Constructor.java:480)
at org.openqa.selenium.remote.codec.w3c.W3CHttpResponseCodec.createException(W3CHttpResponseCodec.java:200)
at org.openqa.selenium.remote.codec.w3c.W3CHttpResponseCodec.decode(W3CHttpResponseCodec.java:133)
at org.openqa.selenium.remote.codec.w3c.W3CHttpResponseCodec.decode(W3CHttpResponseCodec.java:52)
at org.openqa.selenium.remote.HttpCommandExecutor.execute(HttpCommandExecutor.java:191)
at org.openqa.selenium.remote.TracedCommandExecutor.execute(TracedCommandExecutor.java:51)
at org.openqa.selenium.remote.RemoteWebDriver.execute(RemoteWebDriver.java:607)
at org.openqa.selenium.remote.RemoteWebElement.execute(RemoteWebElement.java:224)
at org.openqa.selenium.remote.RemoteWebElement.click(RemoteWebElement.java:77)
at java.base/jdk.internal.reflect.NativeMethodAccessorImpl.invoke0(Native Method)
at java.base/jdk.internal.reflect.NativeMethodAccessorImpl.invoke(NativeMethodAccessorImpl.java:77)
at java.base/jdk.internal.reflect.DelegatingMethodAccessorImpl.invoke(DelegatingMethodAccessorImpl.java:43)
at java.base/java.lang.reflect.Method.invoke(Method.java:568)
at org.openqa.selenium.support.pagefactory.internal.LocatingElementHandler.invoke(LocatingElementHandler.java:51)
at jdk.proxy2/jdk.proxy2.$Proxy13.click(Unknown Source)
at LoginTestcase.Test2.flightSCheck(Test2.java:71)
at java.base/jdk.internal.reflect.NativeMethodAccessorImpl.invoke0(Native Method)
at java.base/jdk.internal.reflect.NativeMethodAccessorImpl.invoke(NativeMethodAccessorImpl.java:77)
at java.base/jdk.internal.reflect.DelegatingMethodAccessorImpl.invoke(DelegatingMethodAccessorImpl.java:43)
at java.base/java.lang.reflect.Method.invoke(Method.java:568)
at org.testng.internal.invokers.MethodInvocationHelper.invokeMethod(MethodInvocationHelper.java:139)
at org.testng.internal.invokers.TestInvoker.invokeMethod(TestInvoker.java:664)
at org.testng.internal.invokers.TestInvoker.invokeTestMethod(TestInvoker.java:227)
at org.testng.internal.invokers.MethodRunner.runInSequence(MethodRunner.java:50)
at org.testng.internal.invokers.TestInvoker$MethodInvocationAgent.invoke(TestInvoker.java:957)
at org.testng.internal.invokers.TestInvoker.invokeTestMethods(TestInvoker.java:200)
at org.testng.internal.invokers.TestMethodWorker.invokeTestMethods(TestMethodWorker.java:148)
at org.testng.internal.invokers.TestMethodWorker.run(TestMethodWorker.java:128)
at java.base/java.util.ArrayList.forEach(ArrayList.java:1511)
at org.testng.TestRunner.privateRun(TestRunner.java:848)
at org.testng.TestRunner.run(TestRunner.java:621)
at org.testng.SuiteRunner.runTest(SuiteRunner.java:443)
at org.testng.SuiteRunner.runSequentially(SuiteRunner.java:437)
at org.testng.SuiteRunner.privateRun(SuiteRunner.java:397)
at org.testng.SuiteRunner.run(SuiteRunner.java:336)
at org.testng.SuiteRunnerWorker.runSuite(SuiteRunnerWorker.java:52)
at org.testng.SuiteRunnerWorker.run(SuiteRunnerWorker.java:95)
at org.testng.TestNG.runSuitesSequentially(TestNG.java:1280)
at org.testng.TestNG.runSuitesLocally(TestNG.java:1200)
at org.testng.TestNG.runSuites(TestNG.java:1114)
at org.testng.TestNG.run(TestNG.java:1082)
at org.testng.remote.AbstractRemoteTestNG.run(AbstractRemoteTestNG.java:115)
at org.testng.remote.RemoteTestNG.initAndRun(RemoteTestNG.java:251)
at org.testng.remote.RemoteTestNG.main(RemoteTestNG.java:77)
]]>
            </full-stacktrace>
          </exception> <!-- org.openqa.selenium.ElementClickInterceptedException -->
          <reporter-output>
          </reporter-output>
        </test-method> <!-- flightSCheck -->
        <test-method is-config="true" signature="tearDown()[pri:0, instance:LoginTestcase.Test2@7161d8d1]" started-at="2024-03-14T11:03:33 IST" name="tearDown" finished-at="2024-03-14T11:03:34 IST" duration-ms="1118" status="PASS">
          <reporter-output>
          </reporter-output>
        </test-method> <!-- tearDown -->
      </class> <!-- LoginTestcase.Test2 -->
    </test> <!-- Default test -->
  </suite> <!-- Default suite -->
</testng-results>
